生成启动时间为 2016/12/28 10:26:05。
     1>项目“G:\编译原理第二次试验\编译原理第二次试验\编译原理第二次试验.vcxproj”在节点 2 上(build 个目标)。
     1>InitializeBuildStatus:
         正在创建“Debug\编译原理第二次试验.unsuccessfulbuild”，因为已指定“AlwaysCreate”。
       ClCompile:
         e:\vs2010\VC\bin\CL.exe /c /ZI /nologo /W3 /WX- /Od /Oy- /D _UNICODE /D UNICODE /Gm /EHsc /RTC1 /MDd /GS /fp:precise /Zc:wchar_t /Zc:forScope /Fo"Debug\\" /Fd"Debug\vc100.pdb" /Gd /TC /analyze- /errorReport:prompt 2.c
         2.c
     1>g:\编译原理第二次试验\编译原理第二次试验\2.c(84): warning C4013: “strcmp”未定义；假设外部返回 int
       Link:
         e:\vs2010\VC\bin\link.exe /ERRORREPORT:PROMPT /OUT:"G:\编译原理第二次试验\Debug\编译原理第二次试验.exe" /NOLOGO kernel32.lib user32.lib gdi32.lib winspool.lib comdlg32.lib advapi32.lib shell32.lib ole32.lib oleaut32.lib uuid.lib odbc32.lib odbccp32.lib /MANIFEST /ManifestFile:"Debug\编译原理第二次试验.exe.intermediate.manifest" /MANIFESTUAC:"level='asInvoker' uiAccess='false'" /DEBUG /PDB:"G:\编译原理第二次试验\Debug\编译原理第二次试验.pdb" /TLBID:1 /DYNAMICBASE /NXCOMPAT /IMPLIB:"G:\编译原理第二次试验\Debug\编译原理第二次试验.lib" /MACHINE:X86 Debug\2.obj
         LINK : 没有找到 G:\编译原理第二次试验\Debug\编译原理第二次试验.exe 或上一个增量链接没有生成它；正在执行完全链接
         编译原理第二次试验.vcxproj -> G:\编译原理第二次试验\Debug\编译原理第二次试验.exe
       Manifest:
         C:\Program Files (x86)\Microsoft SDKs\Windows\v7.0A\bin\mt.exe /nologo /verbose /outputresource:"G:\编译原理第二次试验\Debug\编译原理第二次试验.exe;#1" /manifest "Debug\编译原理第二次试验.exe.intermediate.manifest"
       FinalizeBuildStatus:
         正在删除文件“Debug\编译原理第二次试验.unsuccessfulbuild”。
         正在对“Debug\编译原理第二次试验.lastbuildstate”执行 Touch 任务。
     1>已完成生成项目“G:\编译原理第二次试验\编译原理第二次试验\编译原理第二次试验.vcxproj”(build 个目标)的操作。

生成成功。

已用时间 00:00:02.69
