生成启动时间为 2016/6/18 13:06:23。
     1>项目“G:\排序求平均值\排序求平均值\排序求平均值.vcxproj”在节点 2 上(build 个目标)。
     1>InitializeBuildStatus:
         正在创建“Debug\排序求平均值.unsuccessfulbuild”，因为已指定“AlwaysCreate”。
       ClCompile:
         e:\vs2010\VC\bin\CL.exe /c /ZI /nologo /W3 /WX- /Od /Oy- /D _UNICODE /D UNICODE /Gm /EHsc /RTC1 /MDd /GS /fp:precise /Zc:wchar_t /Zc:forScope /Fo"Debug\\" /Fd"Debug\vc100.pdb" /Gd /TC /analyze- /errorReport:prompt 1_1.c
         1_1.c
     1>g:\排序求平均值\排序求平均值\1_1.c(12): warning C4996: 'scanf': This function or variable may be unsafe. Consider using scanf_s instead. To disable deprecation, use _CRT_SECURE_NO_WARNINGS. See online help for details.
                 e:\vs2010\vc\include\stdio.h(304) : 参见“scanf”的声明
     1>g:\排序求平均值\排序求平均值\1_1.c(16): warning C4013: “system”未定义；假设外部返回 int
     1>g:\排序求平均值\排序求平均值\1_1.c(27): warning C4996: 'scanf': This function or variable may be unsafe. Consider using scanf_s instead. To disable deprecation, use _CRT_SECURE_NO_WARNINGS. See online help for details.
                 e:\vs2010\vc\include\stdio.h(304) : 参见“scanf”的声明
       Link:
         e:\vs2010\VC\bin\link.exe /ERRORREPORT:PROMPT /OUT:"G:\排序求平均值\Debug\排序求平均值.exe" /NOLOGO kernel32.lib user32.lib gdi32.lib winspool.lib comdlg32.lib advapi32.lib shell32.lib ole32.lib oleaut32.lib uuid.lib odbc32.lib odbccp32.lib /MANIFEST /ManifestFile:"Debug\排序求平均值.exe.intermediate.manifest" /MANIFESTUAC:"level='asInvoker' uiAccess='false'" /DEBUG /PDB:"G:\排序求平均值\Debug\排序求平均值.pdb" /TLBID:1 /DYNAMICBASE /NXCOMPAT /IMPLIB:"G:\排序求平均值\Debug\排序求平均值.lib" /MACHINE:X86 Debug\1_1.obj
         LINK : 没有找到 G:\排序求平均值\Debug\排序求平均值.exe 或上一个增量链接没有生成它；正在执行完全链接
         排序求平均值.vcxproj -> G:\排序求平均值\Debug\排序求平均值.exe
       Manifest:
         C:\Program Files (x86)\Microsoft SDKs\Windows\v7.0A\bin\mt.exe /nologo /verbose /outputresource:"G:\排序求平均值\Debug\排序求平均值.exe;#1" /manifest "Debug\排序求平均值.exe.intermediate.manifest"
       FinalizeBuildStatus:
         正在删除文件“Debug\排序求平均值.unsuccessfulbuild”。
         正在对“Debug\排序求平均值.lastbuildstate”执行 Touch 任务。
     1>已完成生成项目“G:\排序求平均值\排序求平均值\排序求平均值.vcxproj”(build 个目标)的操作。

生成成功。

已用时间 00:00:00.42
