生成启动时间为 2016/5/22 12:57:54。
     1>项目“G:\Old Wine Into New Bottles\Old Wine Into New Bottles\Old Wine Into New Bottles.vcxproj”在节点 2 上(build 个目标)。
     1>InitializeBuildStatus:
         正在创建“Debug\Old Wine Into New Bottles.unsuccessfulbuild”，因为已指定“AlwaysCreate”。
       ClCompile:
         e:\vs2010\VC\bin\CL.exe /c /ZI /nologo /W3 /WX- /Od /Oy- /D _MBCS /Gm /EHsc /RTC1 /MDd /GS /fp:precise /Zc:wchar_t /Zc:forScope /Fo"Debug\\" /Fd"Debug\vc100.pdb" /Gd /TP /analyze- /errorReport:prompt PKU_2614.cpp
         PKU_2614.cpp
     1>g:\old wine into new bottles\old wine into new bottles\pku_2614.cpp(26): warning C4996: 'scanf': This function or variable may be unsafe. Consider using scanf_s instead. To disable deprecation, use _CRT_SECURE_NO_WARNINGS. See online help for details.
                 e:\vs2010\vc\include\stdio.h(304) : 参见“scanf”的声明
     1>g:\old wine into new bottles\old wine into new bottles\pku_2614.cpp(37): warning C4996: 'scanf': This function or variable may be unsafe. Consider using scanf_s instead. To disable deprecation, use _CRT_SECURE_NO_WARNINGS. See online help for details.
                 e:\vs2010\vc\include\stdio.h(304) : 参见“scanf”的声明
       Link:
         e:\vs2010\VC\bin\link.exe /ERRORREPORT:PROMPT /OUT:"G:\Old Wine Into New Bottles\Debug\Old Wine Into New Bottles.exe" /NOLOGO kernel32.lib user32.lib gdi32.lib winspool.lib comdlg32.lib advapi32.lib shell32.lib ole32.lib oleaut32.lib uuid.lib odbc32.lib odbccp32.lib /MANIFEST /ManifestFile:"Debug\Old Wine Into New Bottles.exe.intermediate.manifest" /MANIFESTUAC:"level='asInvoker' uiAccess='false'" /DEBUG /PDB:"G:\Old Wine Into New Bottles\Debug\Old Wine Into New Bottles.pdb" /TLBID:1 /DYNAMICBASE /NXCOMPAT /IMPLIB:"G:\Old Wine Into New Bottles\Debug\Old Wine Into New Bottles.lib" /MACHINE:X86 Debug\PKU_2614.obj
         LINK : 没有找到 G:\Old Wine Into New Bottles\Debug\Old Wine Into New Bottles.exe 或上一个增量链接没有生成它；正在执行完全链接
         Old Wine Into New Bottles.vcxproj -> G:\Old Wine Into New Bottles\Debug\Old Wine Into New Bottles.exe
       Manifest:
         C:\Program Files (x86)\Microsoft SDKs\Windows\v7.0A\bin\mt.exe /nologo /verbose /outputresource:"G:\Old Wine Into New Bottles\Debug\Old Wine Into New Bottles.exe;#1" /manifest "Debug\Old Wine Into New Bottles.exe.intermediate.manifest"
       FinalizeBuildStatus:
         正在删除文件“Debug\Old Wine Into New Bottles.unsuccessfulbuild”。
         正在对“Debug\Old Wine Into New Bottles.lastbuildstate”执行 Touch 任务。
     1>已完成生成项目“G:\Old Wine Into New Bottles\Old Wine Into New Bottles\Old Wine Into New Bottles.vcxproj”(build 个目标)的操作。

生成成功。

已用时间 00:00:01.18
