生成启动时间为 2016/12/22 23:11:30。
     1>项目“G:\编译原理2\编译原理2\编译原理2.vcxproj”在节点 2 上(build 个目标)。
     1>PrepareForBuild:
         正在创建目录“G:\编译原理2\Debug\”。
       InitializeBuildStatus:
         正在创建“Debug\编译原理2.unsuccessfulbuild”，因为已指定“AlwaysCreate”。
       ClCompile:
         e:\vs2010\VC\bin\CL.exe /c /ZI /nologo /W3 /WX- /Od /Oy- /D _UNICODE /D UNICODE /Gm /EHsc /RTC1 /MDd /GS /fp:precise /Zc:wchar_t /Zc:forScope /Fo"Debug\\" /Fd"Debug\vc100.pdb" /Gd /TP /analyze- /errorReport:prompt C:\Users\Administrator\Desktop\sentenceanalysis.cpp
         sentenceanalysis.cpp
       Link:
         e:\vs2010\VC\bin\link.exe /ERRORREPORT:PROMPT /OUT:"G:\编译原理2\Debug\编译原理2.exe" /NOLOGO kernel32.lib user32.lib gdi32.lib winspool.lib comdlg32.lib advapi32.lib shell32.lib ole32.lib oleaut32.lib uuid.lib odbc32.lib odbccp32.lib /MANIFEST /ManifestFile:"Debug\编译原理2.exe.intermediate.manifest" /MANIFESTUAC:"level='asInvoker' uiAccess='false'" /DEBUG /PDB:"G:\编译原理2\Debug\编译原理2.pdb" /TLBID:1 /DYNAMICBASE /NXCOMPAT /IMPLIB:"G:\编译原理2\Debug\编译原理2.lib" /MACHINE:X86 Debug\sentenceanalysis.obj
         编译原理2.vcxproj -> G:\编译原理2\Debug\编译原理2.exe
       Manifest:
         C:\Program Files (x86)\Microsoft SDKs\Windows\v7.0A\bin\mt.exe /nologo /verbose /outputresource:"G:\编译原理2\Debug\编译原理2.exe;#1" /manifest "Debug\编译原理2.exe.intermediate.manifest"
       FinalizeBuildStatus:
         正在删除文件“Debug\编译原理2.unsuccessfulbuild”。
         正在对“Debug\编译原理2.lastbuildstate”执行 Touch 任务。
     1>已完成生成项目“G:\编译原理2\编译原理2\编译原理2.vcxproj”(build 个目标)的操作。

生成成功。

已用时间 00:00:03.01
