生成启动时间为 2017/5/10 16:42:57。
     1>项目“G:\vs工作空间\线性表操作\线性表操作\线性表操作.vcxproj”在节点 2 上(build 个目标)。
     1>InitializeBuildStatus:
         正在创建“Debug\线性表操作.unsuccessfulbuild”，因为已指定“AlwaysCreate”。
       ClCompile:
         e:\vs2010\VC\bin\CL.exe /c /ZI /nologo /W3 /WX- /Od /Oy- /D _UNICODE /D UNICODE /Gm /EHsc /RTC1 /MDd /GS /fp:precise /Zc:wchar_t /Zc:forScope /Fo"Debug\\" /Fd"Debug\vc100.pdb" /Gd /TC /analyze- /errorReport:prompt ways.c
         ways.c
     1>g:\vs工作空间\线性表操作\线性表操作\ways.c(7): warning C4013: “malloc”未定义；假设外部返回 int
     1>g:\vs工作空间\线性表操作\线性表操作\ways.c(16): warning C4996: 'scanf': This function or variable may be unsafe. Consider using scanf_s instead. To disable deprecation, use _CRT_SECURE_NO_WARNINGS. See online help for details.
                 e:\vs2010\vc\include\stdio.h(304) : 参见“scanf”的声明
     1>g:\vs工作空间\线性表操作\线性表操作\ways.c(23): warning C4996: 'scanf': This function or variable may be unsafe. Consider using scanf_s instead. To disable deprecation, use _CRT_SECURE_NO_WARNINGS. See online help for details.
                 e:\vs2010\vc\include\stdio.h(304) : 参见“scanf”的声明
     1>g:\vs工作空间\线性表操作\线性表操作\ways.c(77): warning C4013: “free”未定义；假设外部返回 int
     1>g:\vs工作空间\线性表操作\线性表操作\ways.c(102): warning C4101: “p”: 未引用的局部变量
       Link:
         e:\vs2010\VC\bin\link.exe /ERRORREPORT:PROMPT /OUT:"G:\vs工作空间\线性表操作\Debug\线性表操作.exe" /NOLOGO kernel32.lib user32.lib gdi32.lib winspool.lib comdlg32.lib advapi32.lib shell32.lib ole32.lib oleaut32.lib uuid.lib odbc32.lib odbccp32.lib /MANIFEST /ManifestFile:"Debug\线性表操作.exe.intermediate.manifest" /MANIFESTUAC:"level='asInvoker' uiAccess='false'" /DEBUG /PDB:"G:\vs工作空间\线性表操作\Debug\线性表操作.pdb" /TLBID:1 /DYNAMICBASE /NXCOMPAT /IMPLIB:"G:\vs工作空间\线性表操作\Debug\线性表操作.lib" /MACHINE:X86 Debug\test.obj
         Debug\ways.obj
         LINK : 没有找到 G:\vs工作空间\线性表操作\Debug\线性表操作.exe 或上一个增量链接没有生成它；正在执行完全链接
         线性表操作.vcxproj -> G:\vs工作空间\线性表操作\Debug\线性表操作.exe
       Manifest:
         C:\Program Files (x86)\Microsoft SDKs\Windows\v7.0A\bin\mt.exe /nologo /verbose /outputresource:"G:\vs工作空间\线性表操作\Debug\线性表操作.exe;#1" /manifest "Debug\线性表操作.exe.intermediate.manifest"
       FinalizeBuildStatus:
         正在删除文件“Debug\线性表操作.unsuccessfulbuild”。
         正在对“Debug\线性表操作.lastbuildstate”执行 Touch 任务。
     1>已完成生成项目“G:\vs工作空间\线性表操作\线性表操作\线性表操作.vcxproj”(build 个目标)的操作。

生成成功。

已用时间 00:00:00.50
