生成启动时间为 2016/4/25 17:15:33。
     1>项目“G:\sum_sub-segment\sum_sub-segment\sum_sub-segment.vcxproj”在节点 2 上(build 个目标)。
     1>InitializeBuildStatus:
         正在创建“Debug\sum_sub-segment.unsuccessfulbuild”，因为已指定“AlwaysCreate”。
       ClCompile:
         E:\vs2010\VC\bin\CL.exe /c /ZI /nologo /W3 /WX- /Od /Oy- /D _MBCS /Gm /EHsc /RTC1 /MDd /GS /fp:precise /Zc:wchar_t /Zc:forScope /Fo"Debug\\" /Fd"Debug\vc100.pdb" /Gd /TP /analyze- /errorReport:prompt Main.cpp
         Main.cpp
       Link:
         E:\vs2010\VC\bin\link.exe /ERRORREPORT:PROMPT /OUT:"G:\sum_sub-segment\Debug\sum_sub-segment.exe" /NOLOGO kernel32.lib user32.lib gdi32.lib winspool.lib comdlg32.lib advapi32.lib shell32.lib ole32.lib oleaut32.lib uuid.lib odbc32.lib odbccp32.lib /MANIFEST /ManifestFile:"Debug\sum_sub-segment.exe.intermediate.manifest" /MANIFESTUAC:"level='asInvoker' uiAccess='false'" /DEBUG /PDB:"G:\sum_sub-segment\Debug\sum_sub-segment.pdb" /TLBID:1 /DYNAMICBASE /NXCOMPAT /IMPLIB:"G:\sum_sub-segment\Debug\sum_sub-segment.lib" /MACHINE:X86 Debug\Main.obj
         Debug\MaxSum.obj
         LINK : 没有找到 G:\sum_sub-segment\Debug\sum_sub-segment.exe 或上一个增量链接没有生成它；正在执行完全链接
         sum_sub-segment.vcxproj -> G:\sum_sub-segment\Debug\sum_sub-segment.exe
       Manifest:
         C:\Program Files (x86)\Microsoft SDKs\Windows\v7.0A\bin\mt.exe /nologo /verbose /outputresource:"G:\sum_sub-segment\Debug\sum_sub-segment.exe;#1" /manifest "Debug\sum_sub-segment.exe.intermediate.manifest"
       FinalizeBuildStatus:
         正在删除文件“Debug\sum_sub-segment.unsuccessfulbuild”。
         正在对“Debug\sum_sub-segment.lastbuildstate”执行 Touch 任务。
     1>已完成生成项目“G:\sum_sub-segment\sum_sub-segment\sum_sub-segment.vcxproj”(build 个目标)的操作。

生成成功。

已用时间 00:00:01.38
