生成启动时间为 2016/11/14 18:48:09。
     1>项目“G:\likk\likk\likk.vcxproj”在节点 2 上(build 个目标)。
     1>InitializeBuildStatus:
         正在创建“Debug\likk.unsuccessfulbuild”，因为已指定“AlwaysCreate”。
       ClCompile:
         e:\vs2010\VC\bin\CL.exe /c /ZI /nologo /W3 /WX- /Od /Oy- /D _MBCS /Gm /EHsc /RTC1 /MDd /GS /fp:precise /Zc:wchar_t /Zc:forScope /Fo"Debug\\" /Fd"Debug\vc100.pdb" /Gd /TC /analyze- /errorReport:prompt "航班查询.c"
         航班查询.c
     1>g:\likk\likk\航班查询.c(26): warning C4996: 'fopen': This function or variable may be unsafe. Consider using fopen_s instead. To disable deprecation, use _CRT_SECURE_NO_WARNINGS. See online help for details.
                 e:\vs2010\vc\include\stdio.h(234) : 参见“fopen”的声明
     1>g:\likk\likk\航班查询.c(27): warning C4996: 'fscanf': This function or variable may be unsafe. Consider using fscanf_s instead. To disable deprecation, use _CRT_SECURE_NO_WARNINGS. See online help for details.
                 e:\vs2010\vc\include\stdio.h(253) : 参见“fscanf”的声明
     1>g:\likk\likk\航班查询.c(28): warning C4996: 'strcpy': This function or variable may be unsafe. Consider using strcpy_s instead. To disable deprecation, use _CRT_SECURE_NO_WARNINGS. See online help for details.
                 e:\vs2010\vc\include\string.h(105) : 参见“strcpy”的声明
     1>g:\likk\likk\航班查询.c(42): warning C4996: 'scanf': This function or variable may be unsafe. Consider using scanf_s instead. To disable deprecation, use _CRT_SECURE_NO_WARNINGS. See online help for details.
                 e:\vs2010\vc\include\stdio.h(304) : 参见“scanf”的声明
     1>g:\likk\likk\航班查询.c(49): warning C4996: 'scanf': This function or variable may be unsafe. Consider using scanf_s instead. To disable deprecation, use _CRT_SECURE_NO_WARNINGS. See online help for details.
                 e:\vs2010\vc\include\stdio.h(304) : 参见“scanf”的声明
     1>g:\likk\likk\航班查询.c(57): warning C4013: “system”未定义；假设外部返回 int
     1>g:\likk\likk\航班查询.c(23): warning C4101: “ch”: 未引用的局部变量
     1>g:\likk\likk\航班查询.c(157): warning C4013: “abs”未定义；假设外部返回 int
     1>g:\likk\likk\航班查询.c(154): warning C4101: “likui”: 未引用的局部变量
       Link:
         e:\vs2010\VC\bin\link.exe /ERRORREPORT:PROMPT /OUT:"G:\likk\Debug\likk.exe" /NOLOGO kernel32.lib user32.lib gdi32.lib winspool.lib comdlg32.lib advapi32.lib shell32.lib ole32.lib oleaut32.lib uuid.lib odbc32.lib odbccp32.lib /MANIFEST /ManifestFile:"Debug\likk.exe.intermediate.manifest" /MANIFESTUAC:"level='asInvoker' uiAccess='false'" /DEBUG /PDB:"G:\likk\Debug\likk.pdb" /TLBID:1 /DYNAMICBASE /NXCOMPAT /IMPLIB:"G:\likk\Debug\likk.lib" /MACHINE:X86 "Debug\航班查询.obj"
         LINK : 没有找到 G:\likk\Debug\likk.exe 或上一个增量链接没有生成它；正在执行完全链接
         likk.vcxproj -> G:\likk\Debug\likk.exe
       Manifest:
         C:\Program Files (x86)\Microsoft SDKs\Windows\v7.0A\bin\mt.exe /nologo /verbose /outputresource:"G:\likk\Debug\likk.exe;#1" /manifest Debug\likk.exe.intermediate.manifest
       FinalizeBuildStatus:
         正在删除文件“Debug\likk.unsuccessfulbuild”。
         正在对“Debug\likk.lastbuildstate”执行 Touch 任务。
     1>已完成生成项目“G:\likk\likk\likk.vcxproj”(build 个目标)的操作。

生成成功。

已用时间 00:00:04.88
