生成启动时间为 2016/4/24 19:58:38。
     1>项目“G:\kui\kui\kui.vcxproj”在节点 2 上(build 个目标)。
     1>InitializeBuildStatus:
         正在对“Debug\kui.unsuccessfulbuild”执行 Touch 任务。
       ClCompile:
         E:\vs2010\VC\bin\CL.exe /c /ZI /nologo /W3 /WX- /Od /Oy- /D _MBCS /Gm /EHsc /RTC1 /MDd /GS /fp:precise /Zc:wchar_t /Zc:forScope /Fo"Debug\\" /Fd"Debug\vc100.pdb" /Gd /TP /analyze- /errorReport:prompt C:\Users\Administrator\Desktop\Compress.cpp C:\Users\Administrator\Desktop\Huffman.cpp C:\Users\Administrator\Desktop\Main.cpp
         Main.cpp
         Huffman.cpp
     1>c:\users\administrator\desktop\huffman.cpp(150): warning C4018: “<”: 有符号/无符号不匹配
         Compress.cpp
         正在生成代码...
       Link:
         E:\vs2010\VC\bin\link.exe /ERRORREPORT:PROMPT /OUT:"G:\kui\Debug\kui.exe" /NOLOGO kernel32.lib user32.lib gdi32.lib winspool.lib comdlg32.lib advapi32.lib shell32.lib ole32.lib oleaut32.lib uuid.lib odbc32.lib odbccp32.lib /MANIFEST /ManifestFile:"Debug\kui.exe.intermediate.manifest" /MANIFESTUAC:"level='asInvoker' uiAccess='false'" /DEBUG /PDB:"G:\kui\Debug\kui.pdb" /TLBID:1 /DYNAMICBASE /NXCOMPAT /IMPLIB:"G:\kui\Debug\kui.lib" /MACHINE:X86 Debug\Compress.obj
         Debug\Huffman.obj
         Debug\Main.obj
         kui.vcxproj -> G:\kui\Debug\kui.exe
       Manifest:
         C:\Program Files (x86)\Microsoft SDKs\Windows\v7.0A\bin\mt.exe /nologo /verbose /outputresource:"G:\kui\Debug\kui.exe;#1" /manifest Debug\kui.exe.intermediate.manifest
       FinalizeBuildStatus:
         正在删除文件“Debug\kui.unsuccessfulbuild”。
         正在对“Debug\kui.lastbuildstate”执行 Touch 任务。
     1>已完成生成项目“G:\kui\kui\kui.vcxproj”(build 个目标)的操作。

生成成功。

已用时间 00:00:02.56
