G:\GRAPHCPRO\DEBUG\GRAPHCPRO.EXE
G:\GRAPHCPRO\DEBUG\GRAPHCPRO.ILK
G:\GRAPHCPRO\DEBUG\GRAPHCPRO.PDB
G:\GraphCPro\GraphCPro\Debug\cl.command.1.tlog
G:\GraphCPro\GraphCPro\Debug\CL.read.1.tlog
G:\GraphCPro\GraphCPro\Debug\CL.write.1.tlog
G:\GRAPHCPRO\GRAPHCPRO\DEBUG\GRAPH.OBJ
G:\GRAPHCPRO\GRAPHCPRO\DEBUG\GRAPHCPRO.EXE.INTERMEDIATE.MANIFEST
G:\GraphCPro\GraphCPro\Debug\GraphCPro.vcxprojResolveAssemblyReference.cache
G:\GraphCPro\GraphCPro\Debug\GraphCPro.write.1.tlog
G:\GraphCPro\GraphCPro\Debug\link.command.1.tlog
G:\GraphCPro\GraphCPro\Debug\link.read.1.tlog
G:\GraphCPro\GraphCPro\Debug\link.write.1.tlog
G:\GRAPHCPRO\GRAPHCPRO\DEBUG\MAIN.OBJ
G:\GraphCPro\GraphCPro\Debug\mt.command.1.tlog
G:\GraphCPro\GraphCPro\Debug\mt.read.1.tlog
G:\GraphCPro\GraphCPro\Debug\mt.write.1.tlog
G:\GRAPHCPRO\GRAPHCPRO\DEBUG\TOURISM.OBJ
G:\GraphCPro\GraphCPro\Debug\vc100.idb
G:\GRAPHCPRO\GRAPHCPRO\DEBUG\VC100.PDB
