生成启动时间为 2016/5/21 10:28:51。
     1>项目“G:\最大子段问题\最大子段问题\最大子段问题.vcxproj”在节点 2 上(build 个目标)。
     1>InitializeBuildStatus:
         正在对“Debug\最大子段问题.unsuccessfulbuild”执行 Touch 任务。
       ClCompile:
         e:\vs2010\VC\bin\CL.exe /c /ZI /nologo /W3 /WX- /Od /Oy- /D _UNICODE /D UNICODE /Gm /EHsc /RTC1 /MDd /GS /fp:precise /Zc:wchar_t /Zc:forScope /Fo"Debug\\" /Fd"Debug\vc100.pdb" /Gd /TP /analyze- /errorReport:prompt "C:\Users\Administrator\Desktop\E6.5分治法.cpp"
         E6.5分治法.cpp
     1>c:\users\administrator\desktop\e6.5分治法.cpp(39): warning C4996: 'scanf': This function or variable may be unsafe. Consider using scanf_s instead. To disable deprecation, use _CRT_SECURE_NO_WARNINGS. See online help for details.
                 e:\vs2010\vc\include\stdio.h(304) : 参见“scanf”的声明
     1>c:\users\administrator\desktop\e6.5分治法.cpp(42): warning C4996: 'scanf': This function or variable may be unsafe. Consider using scanf_s instead. To disable deprecation, use _CRT_SECURE_NO_WARNINGS. See online help for details.
                 e:\vs2010\vc\include\stdio.h(304) : 参见“scanf”的声明
       Link:
         e:\vs2010\VC\bin\link.exe /ERRORREPORT:PROMPT /OUT:"G:\最大子段问题\Debug\最大子段问题.exe" /NOLOGO kernel32.lib user32.lib gdi32.lib winspool.lib comdlg32.lib advapi32.lib shell32.lib ole32.lib oleaut32.lib uuid.lib odbc32.lib odbccp32.lib /MANIFEST /ManifestFile:"Debug\最大子段问题.exe.intermediate.manifest" /MANIFESTUAC:"level='asInvoker' uiAccess='false'" /DEBUG /PDB:"G:\最大子段问题\Debug\最大子段问题.pdb" /TLBID:1 /DYNAMICBASE /NXCOMPAT /IMPLIB:"G:\最大子段问题\Debug\最大子段问题.lib" /MACHINE:X86 "Debug\E6.5分治法.obj"
         LINK : 没有找到 G:\最大子段问题\Debug\最大子段问题.exe 或上一个增量链接没有生成它；正在执行完全链接
         最大子段问题.vcxproj -> G:\最大子段问题\Debug\最大子段问题.exe
       Manifest:
         C:\Program Files (x86)\Microsoft SDKs\Windows\v7.0A\bin\mt.exe /nologo /verbose /outputresource:"G:\最大子段问题\Debug\最大子段问题.exe;#1" /manifest "Debug\最大子段问题.exe.intermediate.manifest"
       FinalizeBuildStatus:
         正在删除文件“Debug\最大子段问题.unsuccessfulbuild”。
         正在对“Debug\最大子段问题.lastbuildstate”执行 Touch 任务。
     1>已完成生成项目“G:\最大子段问题\最大子段问题\最大子段问题.vcxproj”(build 个目标)的操作。

生成成功。

已用时间 00:00:01.17
